<?xml version="1.0" encoding="UTF-8"?>
<testsuite xmlns:xsi="http://www.w3.org/2001/XMLSchema-instance" xsi:noNamespaceSchemaLocation="https://maven.apache.org/surefire/maven-surefire-plugin/xsd/surefire-test-report-3.0.xsd" version="3.0" name="runners.TestRunner" time="37.012" tests="5" errors="0" skipped="0" failures="0">
  <properties>
[...]
</properties>
  <testcase name="Valid user login test" classname="Login tests" time="9">
    <system-out><![CDATA[Test Run started on: Wed Mar 22 23:03:40 TRT 2023

@login @smoke
Scenario: Valid user login test                       # src/test/resources/features/login.feature:5
  When user logs in with valid admin credentials      # steps.SearchEmployeeSteps.user_logs_in_with_valid_admin_credentials()
  Then welcome message is displayed in dashboard page # steps.LoginSteps.welcome_message_is_displayed_in_dashboard_page()
]]></system-out>
    <system-err><![CDATA[SLF4J: No SLF4J providers were found.
SLF4J: Defaulting to no-operation (NOP) logger implementation
SLF4J: See https://www.slf4j.org/codes.html#noProviders for further details.
ERROR StatusLogger Log4j2 could not find a logging implementation. Please add log4j-core to the classpath. Using SimpleLogger to log to the console...
Starting Microsoft Edge WebDriver 111.0.1661.44 (fc2a57ec5a410298200db8ad3013657d5472c408) on port 39410
To submit feedback, report a bug, or suggest new features, please visit https://github.com/MicrosoftEdge/EdgeWebDriver

Only local connections are allowed.
Please see https://aka.ms/WebDriverSecurity for suggestions on keeping Microsoft Edge WebDriver safe.

Microsoft Edge WebDriver was started successfully.
Mar 22, 2023 11:03:42 PM org.openqa.selenium.devtools.CdpVersionFinder findNearestMatch
WARNING: Unable to find an exact match for CDP version 111, so returning the closest version found: 110
]]></system-err>
  </testcase>
  <testcase name="Valid username invalid password test" classname="Login tests" time="7.085">
    <system-out><![CDATA[
@login @smoke
Scenario: Valid username invalid password test               # src/test/resources/features/login.feature:10
  When user pass the valid username and invalid password     # steps.LoginSteps.user_pass_the_valid_username_and_invalid_password()
  Then login error message for invalid password is displayed # steps.LoginSteps.login_error_message_is_displayed_in_loginpage()
]]></system-out>
    <system-err><![CDATA[Starting Microsoft Edge WebDriver 111.0.1661.44 (fc2a57ec5a410298200db8ad3013657d5472c408) on port 45342
To submit feedback, report a bug, or suggest new features, please visit https://github.com/MicrosoftEdge/EdgeWebDriver

Only local connections are allowed.
Please see https://aka.ms/WebDriverSecurity for suggestions on keeping Microsoft Edge WebDriver safe.

Microsoft Edge WebDriver was started successfully.
Mar 22, 2023 11:03:50 PM org.openqa.selenium.devtools.CdpVersionFinder findNearestMatch
WARNING: Unable to find an exact match for CDP version 111, so returning the closest version found: 110
]]></system-err>
  </testcase>
  <testcase name="Valid username empty password test" classname="Login tests" time="6.782">
    <system-out><![CDATA[
@login @regression @smoke
Scenario: Valid username empty password test               # src/test/resources/features/login.feature:15
  When user pass the valid username and empty password     # steps.LoginSteps.user_pass_the_valid_username_and_empty_password()
  Then login error message for empty password is displayed # steps.LoginSteps.loginErrorMessageForEmptyPasswordIsDisplayed()
]]></system-out>
    <system-err><![CDATA[Starting Microsoft Edge WebDriver 111.0.1661.44 (fc2a57ec5a410298200db8ad3013657d5472c408) on port 9314
To submit feedback, report a bug, or suggest new features, please visit https://github.com/MicrosoftEdge/EdgeWebDriver

Only local connections are allowed.
Please see https://aka.ms/WebDriverSecurity for suggestions on keeping Microsoft Edge WebDriver safe.

Microsoft Edge WebDriver was started successfully.
Mar 22, 2023 11:03:57 PM org.openqa.selenium.devtools.CdpVersionFinder findNearestMatch
WARNING: Unable to find an exact match for CDP version 111, so returning the closest version found: 110
]]></system-err>
  </testcase>
  <testcase name="valid admin login" classname="Permissions Login Test" time="6.947">
    <system-out><![CDATA[
@login2 @regression @smoke
Scenario: valid admin login                      # src/test/resources/features/login2.feature:7
  When admin user logs in with valid credentials # steps.Login2Steps.admin_user_logs_in_with_valid_credentials()
  Then admin user logs in successfully           # steps.Login2Steps.admin_user_logs_in_successfully()
]]></system-out>
    <system-err><![CDATA[Starting Microsoft Edge WebDriver 111.0.1661.44 (fc2a57ec5a410298200db8ad3013657d5472c408) on port 1256
To submit feedback, report a bug, or suggest new features, please visit https://github.com/MicrosoftEdge/EdgeWebDriver

Only local connections are allowed.
Please see https://aka.ms/WebDriverSecurity for suggestions on keeping Microsoft Edge WebDriver safe.

Microsoft Edge WebDriver was started successfully.
Mar 22, 2023 11:04:04 PM org.openqa.selenium.devtools.CdpVersionFinder findNearestMatch
WARNING: Unable to find an exact match for CDP version 111, so returning the closest version found: 110
]]></system-err>
  </testcase>
  <testcase name="valid ess login" classname="Permissions Login Test" time="5.593">
    <system-out><![CDATA[
@login2 @regression @smoke
Scenario: valid ess login                      # src/test/resources/features/login2.feature:12
  When ess user logs in with valid credentials # steps.Login2Steps.ess_user_logs_in_with_valid_credentials()
  Then ess user logs in successfully           # steps.Login2Steps.ess_user_logs_in_successfully()
]]></system-out>
    <system-err><![CDATA[Starting Microsoft Edge WebDriver 111.0.1661.44 (fc2a57ec5a410298200db8ad3013657d5472c408) on port 2389
To submit feedback, report a bug, or suggest new features, please visit https://github.com/MicrosoftEdge/EdgeWebDriver

Only local connections are allowed.
Please see https://aka.ms/WebDriverSecurity for suggestions on keeping Microsoft Edge WebDriver safe.

Microsoft Edge WebDriver was started successfully.
Mar 22, 2023 11:04:11 PM org.openqa.selenium.devtools.CdpVersionFinder findNearestMatch
WARNING: Unable to find an exact match for CDP version 111, so returning the closest version found: 110
]]></system-err>
  </testcase>
</testsuite>